2020-08-27 16:08:12,598 [INFO]: video.py(cli:109) >> neural network device: cuda
2020-08-27 16:08:14,015 [INFO]: generator.py(__init__:25) >> creating decoder worker pool with 2 workers
2020-08-27 16:08:14,117 [INFO]: animation_frame.py(__init__:47) >> video output = /home/htxsns/anaconda3/lib/python3.7/site-packages/openpifpaf/output/output.mp4
2020-08-27 16:08:14,146 [INFO]: video.py(inference:138) >> Loaded stream: /home/htxsns/anaconda3/lib/python3.7/site-packages/openpifpaf/input/videoplayback.mp4
2020-08-27 16:08:14,260 [INFO]: cifcaf.py(__call__:119) >> 0 annotations: []
2020-08-27 16:08:14,263 [INFO]: video.py(inference:178) >> frame 0, loop time = 0.116s, input FPS = 23.976, output FPS = 8.587
2020-08-27 16:08:14,263 [INFO]: animation.py(_run:345) >> MovieWriter._run: running command: ffmpeg -f rawvideo -vcodec rawvideo -s 800x450 -pix_fmt rgba -r 30 -loglevel error -i pipe: -vcodec h264 -pix_fmt yuv420p -y /home/htxsns/anaconda3/lib/python3.7/site-packages/openpifpaf/output/output.mp4
2020-08-27 16:08:14,481 [INFO]: cifcaf.py(__call__:119) >> 0 annotations: []
2020-08-27 16:08:14,483 [INFO]: video.py(inference:178) >> frame 1, loop time = 0.221s, input FPS = 23.976, output FPS = 4.535
2020-08-27 16:08:14,642 [INFO]: cifcaf.py(__call__:119) >> 0 annotations: []
2020-08-27 16:08:14,644 [INFO]: video.py(inference:178) >> frame 2, loop time = 0.160s, input FPS = 23.976, output FPS = 6.242
2020-08-27 16:08:14,797 [INFO]: cifcaf.py(__call__:119) >> 0 annotations: []
2020-08-27 16:08:14,798 [INFO]: video.py(inference:178) >> frame 3, loop time = 0.155s, input FPS = 23.976, output FPS = 6.470
2020-08-27 16:08:14,953 [INFO]: cifcaf.py(__call__:119) >> 0 annotations: []
2020-08-27 16:08:14,955 [INFO]: video.py(inference:178) >> frame 4, loop time = 0.157s, input FPS = 23.976, output FPS = 6.389
2020-08-27 16:08:15,113 [INFO]: cifcaf.py(__call__:119) >> 0 annotations: []
2020-08-27 16:08:15,115 [INFO]: video.py(inference:178) >> frame 5, loop time = 0.160s, input FPS = 23.976, output FPS = 6.258
2020-08-27 16:08:15,272 [INFO]: cifcaf.py(__call__:119) >> 0 annotations: []
2020-08-27 16:08:15,274 [INFO]: video.py(inference:178) >> frame 6, loop time = 0.159s, input FPS = 23.976, output FPS = 6.299
2020-08-27 16:08:15,434 [INFO]: cifcaf.py(__call__:119) >> 0 annotations: []
2020-08-27 16:08:15,436 [INFO]: video.py(inference:178) >> frame 7, loop time = 0.162s, input FPS = 23.976, output FPS = 6.175
2020-08-27 16:08:15,597 [INFO]: cifcaf.py(__call__:119) >> 0 annotations: []
2020-08-27 16:08:15,598 [INFO]: video.py(inference:178) >> frame 8, loop time = 0.163s, input FPS = 23.976, output FPS = 6.152
2020-08-27 16:08:15,761 [INFO]: cifcaf.py(__call__:119) >> 0 annotations: []
2020-08-27 16:08:15,762 [INFO]: video.py(inference:178) >> frame 9, loop time = 0.164s, input FPS = 23.976, output FPS = 6.101
2020-08-27 16:08:15,943 [INFO]: cifcaf.py(__call__:119) >> 0 annotations: []
2020-08-27 16:08:15,945 [INFO]: video.py(inference:178) >> frame 10, loop time = 0.182s, input FPS = 23.976, output FPS = 5.485
2020-08-27 16:08:16,107 [INFO]: cifcaf.py(__call__:119) >> 1 annotations: [12]
2020-08-27 16:08:16,117 [INFO]: video.py(inference:178) >> frame 11, loop time = 0.172s, input FPS = 23.976, output FPS = 5.824
2020-08-27 16:08:16,362 [INFO]: cifcaf.py(__call__:119) >> 1 annotations: [12]
2020-08-27 16:08:16,368 [INFO]: video.py(inference:178) >> frame 12, loop time = 0.251s, input FPS = 23.976, output FPS = 3.990
2020-08-27 16:08:16,547 [INFO]: cifcaf.py(__call__:119) >> 1 annotations: [12]
2020-08-27 16:08:16,553 [INFO]: video.py(inference:178) >> frame 13, loop time = 0.185s, input FPS = 23.976, output FPS = 5.412
2020-08-27 16:08:16,752 [INFO]: cifcaf.py(__call__:119) >> 1 annotations: [12]
2020-08-27 16:08:16,758 [INFO]: video.py(inference:178) >> frame 14, loop time = 0.205s, input FPS = 23.976, output FPS = 4.879
2020-08-27 16:08:16,952 [INFO]: cifcaf.py(__call__:119) >> 1 annotations: [12]
2020-08-27 16:08:16,958 [INFO]: video.py(inference:178) >> frame 15, loop time = 0.200s, input FPS = 23.976, output FPS = 5.000
2020-08-27 16:08:17,127 [INFO]: cifcaf.py(__call__:119) >> 0 annotations: []
2020-08-27 16:08:17,129 [INFO]: video.py(inference:178) >> frame 16, loop time = 0.171s, input FPS = 23.976, output FPS = 5.853
2020-08-27 16:08:17,281 [INFO]: cifcaf.py(__call__:119) >> 0 annotations: []
2020-08-27 16:08:17,283 [INFO]: video.py(inference:178) >> frame 17, loop time = 0.154s, input FPS = 23.976, output FPS = 6.514
2020-08-27 16:08:17,438 [INFO]: cifcaf.py(__call__:119) >> 1 annotations: [11]
2020-08-27 16:08:17,444 [INFO]: video.py(inference:178) >> frame 18, loop time = 0.161s, input FPS = 23.976, output FPS = 6.209
2020-08-27 16:08:17,632 [INFO]: cifcaf.py(__call__:119) >> 1 annotations: [11]
2020-08-27 16:08:17,642 [INFO]: video.py(inference:178) >> frame 19, loop time = 0.198s, input FPS = 23.976, output FPS = 5.053
2020-08-27 16:08:17,823 [INFO]: cifcaf.py(__call__:119) >> 1 annotations: [11]
2020-08-27 16:08:17,829 [INFO]: video.py(inference:178) >> frame 20, loop time = 0.187s, input FPS = 23.976, output FPS = 5.360
2020-08-27 16:08:18,016 [INFO]: cifcaf.py(__call__:119) >> 1 annotations: [11]
2020-08-27 16:08:18,023 [INFO]: video.py(inference:178) >> frame 21, loop time = 0.194s, input FPS = 23.976, output FPS = 5.146
2020-08-27 16:08:18,207 [INFO]: cifcaf.py(__call__:119) >> 1 annotations: [11]
2020-08-27 16:08:18,212 [INFO]: video.py(inference:178) >> frame 22, loop time = 0.189s, input FPS = 23.976, output FPS = 5.289
2020-08-27 16:08:18,387 [INFO]: cifcaf.py(__call__:119) >> 1 annotations: [11]
2020-08-27 16:08:18,393 [INFO]: video.py(inference:178) >> frame 23, loop time = 0.181s, input FPS = 23.976, output FPS = 5.536
2020-08-27 16:08:18,570 [INFO]: cifcaf.py(__call__:119) >> 1 annotations: [11]
2020-08-27 16:08:18,576 [INFO]: video.py(inference:178) >> frame 24, loop time = 0.183s, input FPS = 23.976, output FPS = 5.467
2020-08-27 16:08:18,751 [INFO]: cifcaf.py(__call__:119) >> 1 annotations: [11]
2020-08-27 16:08:18,757 [INFO]: video.py(inference:178) >> frame 25, loop time = 0.180s, input FPS = 23.976, output FPS = 5.542
2020-08-27 16:08:18,925 [INFO]: cifcaf.py(__call__:119) >> 1 annotations: [11]
2020-08-27 16:08:18,930 [INFO]: video.py(inference:178) >> frame 26, loop time = 0.174s, input FPS = 23.976, output FPS = 5.755
2020-08-27 16:08:19,122 [INFO]: cifcaf.py(__call__:119) >> 1 annotations: [12]
2020-08-27 16:08:19,128 [INFO]: video.py(inference:178) >> frame 27, loop time = 0.197s, input FPS = 23.976, output FPS = 5.072
2020-08-27 16:08:19,296 [INFO]: cifcaf.py(__call__:119) >> 1 annotations: [11]
2020-08-27 16:08:19,302 [INFO]: video.py(inference:178) >> frame 28, loop time = 0.174s, input FPS = 23.976, output FPS = 5.739
2020-08-27 16:08:19,471 [INFO]: cifcaf.py(__call__:119) >> 1 annotations: [11]
2020-08-27 16:08:19,476 [INFO]: video.py(inference:178) >> frame 29, loop time = 0.174s, input FPS = 23.976, output FPS = 5.732
2020-08-27 16:08:19,645 [INFO]: cifcaf.py(__call__:119) >> 1 annotations: [11]
2020-08-27 16:08:19,651 [INFO]: video.py(inference:178) >> frame 30, loop time = 0.174s, input FPS = 23.976, output FPS = 5.747
2020-08-27 16:08:19,819 [INFO]: cifcaf.py(__call__:119) >> 1 annotations: [11]
2020-08-27 16:08:19,824 [INFO]: video.py(inference:178) >> frame 31, loop time = 0.174s, input FPS = 23.976, output FPS = 5.756
2020-08-27 16:08:19,991 [INFO]: cifcaf.py(__call__:119) >> 1 annotations: [11]
2020-08-27 16:08:19,997 [INFO]: video.py(inference:178) >> frame 32, loop time = 0.173s, input FPS = 23.976, output FPS = 5.793
2020-08-27 16:08:20,168 [INFO]: cifcaf.py(__call__:119) >> 1 annotations: [11]
2020-08-27 16:08:20,173 [INFO]: video.py(inference:178) >> frame 33, loop time = 0.176s, input FPS = 23.976, output FPS = 5.670
2020-08-27 16:08:20,370 [INFO]: cifcaf.py(__call__:119) >> 1 annotations: [11]
2020-08-27 16:08:20,376 [INFO]: video.py(inference:178) >> frame 34, loop time = 0.202s, input FPS = 23.976, output FPS = 4.948
2020-08-27 16:08:20,544 [INFO]: cifcaf.py(__call__:119) >> 1 annotations: [11]
2020-08-27 16:08:20,550 [INFO]: video.py(inference:178) >> frame 35, loop time = 0.174s, input FPS = 23.976, output FPS = 5.743
2020-08-27 16:08:20,719 [INFO]: cifcaf.py(__call__:119) >> 1 annotations: [11]
2020-08-27 16:08:20,724 [INFO]: video.py(inference:178) >> frame 36, loop time = 0.174s, input FPS = 23.976, output FPS = 5.734
2020-08-27 16:08:20,895 [INFO]: cifcaf.py(__call__:119) >> 1 annotations: [11]
2020-08-27 16:08:20,901 [INFO]: video.py(inference:178) >> frame 37, loop time = 0.176s, input FPS = 23.976, output FPS = 5.678
2020-08-27 16:08:21,072 [INFO]: cifcaf.py(__call__:119) >> 1 annotations: [11]
2020-08-27 16:08:21,077 [INFO]: video.py(inference:178) >> frame 38, loop time = 0.177s, input FPS = 23.976, output FPS = 5.660
2020-08-27 16:08:21,247 [INFO]: cifcaf.py(__call__:119) >> 1 annotations: [11]
2020-08-27 16:08:21,253 [INFO]: video.py(inference:178) >> frame 39, loop time = 0.176s, input FPS = 23.976, output FPS = 5.690
2020-08-27 16:08:21,425 [INFO]: cifcaf.py(__call__:119) >> 1 annotations: [11]
2020-08-27 16:08:21,431 [INFO]: video.py(inference:178) >> frame 40, loop time = 0.178s, input FPS = 23.976, output FPS = 5.627
2020-08-27 16:08:21,627 [INFO]: cifcaf.py(__call__:119) >> 1 annotations: [11]
2020-08-27 16:08:21,633 [INFO]: video.py(inference:178) >> frame 41, loop time = 0.202s, input FPS = 23.976, output FPS = 4.950
2020-08-27 16:08:21,809 [INFO]: cifcaf.py(__call__:119) >> 1 annotations: [11]
2020-08-27 16:08:21,815 [INFO]: video.py(inference:178) >> frame 42, loop time = 0.182s, input FPS = 23.976, output FPS = 5.504
2020-08-27 16:08:22,023 [INFO]: cifcaf.py(__call__:119) >> 1 annotations: [11]
2020-08-27 16:08:22,028 [INFO]: video.py(inference:178) >> frame 43, loop time = 0.214s, input FPS = 23.976, output FPS = 4.681
2020-08-27 16:08:22,208 [INFO]: cifcaf.py(__call__:119) >> 1 annotations: [11]
2020-08-27 16:08:22,214 [INFO]: video.py(inference:178) >> frame 44, loop time = 0.185s, input FPS = 23.976, output FPS = 5.403
2020-08-27 16:08:22,383 [INFO]: cifcaf.py(__call__:119) >> 1 annotations: [11]
2020-08-27 16:08:22,389 [INFO]: video.py(inference:178) >> frame 45, loop time = 0.175s, input FPS = 23.976, output FPS = 5.703
2020-08-27 16:08:22,568 [INFO]: cifcaf.py(__call__:119) >> 1 annotations: [11]
2020-08-27 16:08:22,573 [INFO]: video.py(inference:178) >> frame 46, loop time = 0.184s, input FPS = 23.976, output FPS = 5.428
2020-08-27 16:08:22,752 [INFO]: cifcaf.py(__call__:119) >> 1 annotations: [11]
2020-08-27 16:08:22,758 [INFO]: video.py(inference:178) >> frame 47, loop time = 0.184s, input FPS = 23.976, output FPS = 5.430
2020-08-27 16:08:22,951 [INFO]: cifcaf.py(__call__:119) >> 1 annotations: [11]
2020-08-27 16:08:22,957 [INFO]: video.py(inference:178) >> frame 48, loop time = 0.199s, input FPS = 23.976, output FPS = 5.028
2020-08-27 16:08:23,149 [INFO]: cifcaf.py(__call__:119) >> 1 annotations: [11]
2020-08-27 16:08:23,156 [INFO]: video.py(inference:178) >> frame 49, loop time = 0.199s, input FPS = 23.976, output FPS = 5.021
2020-08-27 16:08:23,374 [INFO]: cifcaf.py(__call__:119) >> 1 annotations: [17]
2020-08-27 16:08:23,382 [INFO]: video.py(inference:178) >> frame 50, loop time = 0.226s, input FPS = 23.976, output FPS = 4.420
2020-08-27 16:08:23,610 [INFO]: cifcaf.py(__call__:119) >> 1 annotations: [17]
2020-08-27 16:08:23,618 [INFO]: video.py(inference:178) >> frame 51, loop time = 0.235s, input FPS = 23.976, output FPS = 4.250
2020-08-27 16:08:23,858 [INFO]: cifcaf.py(__call__:119) >> 1 annotations: [17]
2020-08-27 16:08:23,866 [INFO]: video.py(inference:178) >> frame 52, loop time = 0.248s, input FPS = 23.976, output FPS = 4.034
2020-08-27 16:08:24,083 [INFO]: cifcaf.py(__call__:119) >> 1 annotations: [17]
2020-08-27 16:08:24,091 [INFO]: video.py(inference:178) >> frame 53, loop time = 0.225s, input FPS = 23.976, output FPS = 4.437
2020-08-27 16:08:24,315 [INFO]: cifcaf.py(__call__:119) >> 1 annotations: [17]
2020-08-27 16:08:24,323 [INFO]: video.py(inference:178) >> frame 54, loop time = 0.232s, input FPS = 23.976, output FPS = 4.310
2020-08-27 16:08:24,572 [INFO]: cifcaf.py(__call__:119) >> 1 annotations: [17]
2020-08-27 16:08:24,580 [INFO]: video.py(inference:178) >> frame 55, loop time = 0.257s, input FPS = 23.976, output FPS = 3.896
2020-08-27 16:08:24,806 [INFO]: cifcaf.py(__call__:119) >> 1 annotations: [17]
2020-08-27 16:08:24,814 [INFO]: video.py(inference:178) >> frame 56, loop time = 0.234s, input FPS = 23.976, output FPS = 4.279
2020-08-27 16:08:25,047 [INFO]: cifcaf.py(__call__:119) >> 1 annotations: [17]
2020-08-27 16:08:25,054 [INFO]: video.py(inference:178) >> frame 57, loop time = 0.241s, input FPS = 23.976, output FPS = 4.156
2020-08-27 16:08:25,277 [INFO]: cifcaf.py(__call__:119) >> 1 annotations: [17]
2020-08-27 16:08:25,285 [INFO]: video.py(inference:178) >> frame 58, loop time = 0.231s, input FPS = 23.976, output FPS = 4.332
2020-08-27 16:08:25,513 [INFO]: cifcaf.py(__call__:119) >> 1 annotations: [17]
2020-08-27 16:08:25,521 [INFO]: video.py(inference:178) >> frame 59, loop time = 0.235s, input FPS = 23.976, output FPS = 4.247
2020-08-27 16:08:25,755 [INFO]: cifcaf.py(__call__:119) >> 1 annotations: [17]
2020-08-27 16:08:25,763 [INFO]: video.py(inference:178) >> frame 60, loop time = 0.242s, input FPS = 23.976, output FPS = 4.131
2020-08-27 16:08:25,992 [INFO]: cifcaf.py(__call__:119) >> 1 annotations: [17]
2020-08-27 16:08:26,000 [INFO]: video.py(inference:178) >> frame 61, loop time = 0.236s, input FPS = 23.976, output FPS = 4.230
2020-08-27 16:08:26,232 [INFO]: cifcaf.py(__call__:119) >> 1 annotations: [17]
2020-08-27 16:08:26,240 [INFO]: video.py(inference:178) >> frame 62, loop time = 0.240s, input FPS = 23.976, output FPS = 4.158
2020-08-27 16:08:26,475 [INFO]: cifcaf.py(__call__:119) >> 1 annotations: [17]
2020-08-27 16:08:26,483 [INFO]: video.py(inference:178) >> frame 63, loop time = 0.243s, input FPS = 23.976, output FPS = 4.116
2020-08-27 16:08:26,712 [INFO]: cifcaf.py(__call__:119) >> 1 annotations: [17]
2020-08-27 16:08:26,721 [INFO]: video.py(inference:178) >> frame 64, loop time = 0.237s, input FPS = 23.976, output FPS = 4.219
2020-08-27 16:08:26,949 [INFO]: cifcaf.py(__call__:119) >> 1 annotations: [17]
2020-08-27 16:08:26,957 [INFO]: video.py(inference:178) >> frame 65, loop time = 0.236s, input FPS = 23.976, output FPS = 4.238
2020-08-27 16:08:27,187 [INFO]: cifcaf.py(__call__:119) >> 1 annotations: [17]
2020-08-27 16:08:27,195 [INFO]: video.py(inference:178) >> frame 66, loop time = 0.238s, input FPS = 23.976, output FPS = 4.194
2020-08-27 16:08:27,422 [INFO]: cifcaf.py(__call__:119) >> 1 annotations: [17]
2020-08-27 16:08:27,431 [INFO]: video.py(inference:178) >> frame 67, loop time = 0.236s, input FPS = 23.976, output FPS = 4.241
2020-08-27 16:08:27,669 [INFO]: cifcaf.py(__call__:119) >> 1 annotations: [17]
2020-08-27 16:08:27,678 [INFO]: video.py(inference:178) >> frame 68, loop time = 0.247s, input FPS = 23.976, output FPS = 4.056
2020-08-27 16:08:27,922 [INFO]: cifcaf.py(__call__:119) >> 1 annotations: [17]
2020-08-27 16:08:27,931 [INFO]: video.py(inference:178) >> frame 69, loop time = 0.253s, input FPS = 23.976, output FPS = 3.956
2020-08-27 16:08:28,172 [INFO]: cifcaf.py(__call__:119) >> 1 annotations: [17]
2020-08-27 16:08:28,181 [INFO]: video.py(inference:178) >> frame 70, loop time = 0.250s, input FPS = 23.976, output FPS = 4.004
2020-08-27 16:08:28,456 [INFO]: cifcaf.py(__call__:119) >> 1 annotations: [17]
2020-08-27 16:08:28,464 [INFO]: video.py(inference:178) >> frame 71, loop time = 0.284s, input FPS = 23.976, output FPS = 3.525
2020-08-27 16:08:28,686 [INFO]: cifcaf.py(__call__:119) >> 1 annotations: [17]
2020-08-27 16:08:28,694 [INFO]: video.py(inference:178) >> frame 72, loop time = 0.229s, input FPS = 23.976, output FPS = 4.358
2020-08-27 16:08:28,915 [INFO]: cifcaf.py(__call__:119) >> 1 annotations: [17]
2020-08-27 16:08:28,923 [INFO]: video.py(inference:178) >> frame 73, loop time = 0.229s, input FPS = 23.976, output FPS = 4.371
2020-08-27 16:08:29,138 [INFO]: cifcaf.py(__call__:119) >> 1 annotations: [17]
2020-08-27 16:08:29,146 [INFO]: video.py(inference:178) >> frame 74, loop time = 0.223s, input FPS = 23.976, output FPS = 4.474
2020-08-27 16:08:29,376 [INFO]: cifcaf.py(__call__:119) >> 1 annotations: [17]
2020-08-27 16:08:29,384 [INFO]: video.py(inference:178) >> frame 75, loop time = 0.237s, input FPS = 23.976, output FPS = 4.217
2020-08-27 16:08:29,599 [INFO]: cifcaf.py(__call__:119) >> 1 annotations: [17]
2020-08-27 16:08:29,607 [INFO]: video.py(inference:178) >> frame 76, loop time = 0.223s, input FPS = 23.976, output FPS = 4.481
2020-08-27 16:08:29,827 [INFO]: cifcaf.py(__call__:119) >> 1 annotations: [17]
2020-08-27 16:08:29,835 [INFO]: video.py(inference:178) >> frame 77, loop time = 0.228s, input FPS = 23.976, output FPS = 4.379
2020-08-27 16:08:30,052 [INFO]: cifcaf.py(__call__:119) >> 1 annotations: [17]
2020-08-27 16:08:30,060 [INFO]: video.py(inference:178) >> frame 78, loop time = 0.225s, input FPS = 23.976, output FPS = 4.449
2020-08-27 16:08:30,274 [INFO]: cifcaf.py(__call__:119) >> 1 annotations: [17]
2020-08-27 16:08:30,282 [INFO]: video.py(inference:178) >> frame 79, loop time = 0.221s, input FPS = 23.976, output FPS = 4.521
2020-08-27 16:08:30,519 [INFO]: cifcaf.py(__call__:119) >> 1 annotations: [17]
2020-08-27 16:08:30,527 [INFO]: video.py(inference:178) >> frame 80, loop time = 0.245s, input FPS = 23.976, output FPS = 4.076
2020-08-27 16:08:30,737 [INFO]: cifcaf.py(__call__:119) >> 1 annotations: [17]
2020-08-27 16:08:30,745 [INFO]: video.py(inference:178) >> frame 81, loop time = 0.218s, input FPS = 23.976, output FPS = 4.584
2020-08-27 16:08:30,974 [INFO]: cifcaf.py(__call__:119) >> 1 annotations: [17]
2020-08-27 16:08:30,982 [INFO]: video.py(inference:178) >> frame 82, loop time = 0.237s, input FPS = 23.976, output FPS = 4.228
2020-08-27 16:08:31,204 [INFO]: cifcaf.py(__call__:119) >> 1 annotations: [17]
2020-08-27 16:08:31,216 [INFO]: video.py(inference:178) >> frame 83, loop time = 0.234s, input FPS = 23.976, output FPS = 4.274
2020-08-27 16:08:31,444 [INFO]: cifcaf.py(__call__:119) >> 1 annotations: [17]
2020-08-27 16:08:31,453 [INFO]: video.py(inference:178) >> frame 84, loop time = 0.236s, input FPS = 23.976, output FPS = 4.229
2020-08-27 16:08:31,686 [INFO]: cifcaf.py(__call__:119) >> 1 annotations: [17]
2020-08-27 16:08:31,695 [INFO]: video.py(inference:178) >> frame 85, loop time = 0.242s, input FPS = 23.976, output FPS = 4.135
2020-08-27 16:08:31,939 [INFO]: cifcaf.py(__call__:119) >> 1 annotations: [17]
2020-08-27 16:08:31,947 [INFO]: video.py(inference:178) >> frame 86, loop time = 0.252s, input FPS = 23.976, output FPS = 3.970
2020-08-27 16:08:32,160 [INFO]: cifcaf.py(__call__:119) >> 1 annotations: [17]
2020-08-27 16:08:32,168 [INFO]: video.py(inference:178) >> frame 87, loop time = 0.221s, input FPS = 23.976, output FPS = 4.518
2020-08-27 16:08:32,381 [INFO]: cifcaf.py(__call__:119) >> 1 annotations: [16]
2020-08-27 16:08:32,389 [INFO]: video.py(inference:178) >> frame 88, loop time = 0.221s, input FPS = 23.976, output FPS = 4.534
2020-08-27 16:08:32,619 [INFO]: cifcaf.py(__call__:119) >> 1 annotations: [16]
2020-08-27 16:08:32,628 [INFO]: video.py(inference:178) >> frame 89, loop time = 0.239s, input FPS = 23.976, output FPS = 4.188
2020-08-27 16:08:32,820 [INFO]: cifcaf.py(__call__:119) >> 1 annotations: [16]
2020-08-27 16:08:32,828 [INFO]: video.py(inference:178) >> frame 90, loop time = 0.201s, input FPS = 23.976, output FPS = 4.982
2020-08-27 16:08:33,011 [INFO]: cifcaf.py(__call__:119) >> 1 annotations: [14]
2020-08-27 16:08:33,020 [INFO]: falldetector.py(update:24) >> FALL DETECTED
2020-08-27 16:08:33,020 [INFO]: painters.py(annotations:391) >> FALL COUNT: 1
2020-08-27 16:08:33,043 [INFO]: imgwriter.py(write:23) >> Frame written: /home/htxsns/anaconda3/lib/python3.7/site-packages/openpifpaf/output/img/20200827_160833_50waystofall_openpifpaf_1.jpg
2020-08-27 16:08:33,043 [INFO]: video.py(inference:178) >> frame 91, loop time = 0.215s, input FPS = 23.976, output FPS = 4.659
2020-08-27 16:08:33,279 [INFO]: cifcaf.py(__call__:119) >> 2 annotations: [11, 3]
2020-08-27 16:08:33,301 [INFO]: video.py(inference:178) >> frame 92, loop time = 0.257s, input FPS = 23.976, output FPS = 3.886
2020-08-27 16:08:33,520 [INFO]: cifcaf.py(__call__:119) >> 1 annotations: [15]
2020-08-27 16:08:33,529 [INFO]: video.py(inference:178) >> frame 93, loop time = 0.229s, input FPS = 23.976, output FPS = 4.374
2020-08-27 16:08:33,742 [INFO]: cifcaf.py(__call__:119) >> 1 annotations: [16]
2020-08-27 16:08:33,751 [INFO]: video.py(inference:178) >> frame 94, loop time = 0.222s, input FPS = 23.976, output FPS = 4.514
2020-08-27 16:08:33,943 [INFO]: cifcaf.py(__call__:119) >> 1 annotations: [14]
2020-08-27 16:08:33,952 [INFO]: video.py(inference:178) >> frame 95, loop time = 0.201s, input FPS = 23.976, output FPS = 4.978
2020-08-27 16:08:34,142 [INFO]: cifcaf.py(__call__:119) >> 1 annotations: [15]
2020-08-27 16:08:34,151 [INFO]: video.py(inference:178) >> frame 96, loop time = 0.199s, input FPS = 23.976, output FPS = 5.028
2020-08-27 16:08:34,341 [INFO]: cifcaf.py(__call__:119) >> 1 annotations: [13]
2020-08-27 16:08:34,350 [INFO]: video.py(inference:178) >> frame 97, loop time = 0.199s, input FPS = 23.976, output FPS = 5.026
2020-08-27 16:08:34,535 [INFO]: cifcaf.py(__call__:119) >> 1 annotations: [13]
2020-08-27 16:08:34,544 [INFO]: video.py(inference:178) >> frame 98, loop time = 0.194s, input FPS = 23.976, output FPS = 5.157
2020-08-27 16:08:34,734 [INFO]: cifcaf.py(__call__:119) >> 1 annotations: [13]
2020-08-27 16:08:34,742 [INFO]: video.py(inference:178) >> frame 99, loop time = 0.198s, input FPS = 23.976, output FPS = 5.048
2020-08-27 16:08:34,937 [INFO]: cifcaf.py(__call__:119) >> 1 annotations: [12]
2020-08-27 16:08:34,946 [INFO]: video.py(inference:178) >> frame 100, loop time = 0.204s, input FPS = 23.976, output FPS = 4.902
2020-08-27 16:08:35,157 [INFO]: cifcaf.py(__call__:119) >> 2 annotations: [12, 2]
2020-08-27 16:08:35,172 [INFO]: video.py(inference:178) >> frame 101, loop time = 0.225s, input FPS = 23.976, output FPS = 4.445
2020-08-27 16:08:35,375 [INFO]: cifcaf.py(__call__:119) >> 1 annotations: [12]
2020-08-27 16:08:35,385 [INFO]: video.py(inference:178) >> frame 102, loop time = 0.213s, input FPS = 23.976, output FPS = 4.686
2020-08-27 16:08:35,576 [INFO]: cifcaf.py(__call__:119) >> 1 annotations: [12]
2020-08-27 16:08:35,585 [INFO]: video.py(inference:178) >> frame 103, loop time = 0.200s, input FPS = 23.976, output FPS = 5.002
2020-08-27 16:08:35,774 [INFO]: cifcaf.py(__call__:119) >> 1 annotations: [14]
2020-08-27 16:08:35,785 [INFO]: video.py(inference:178) >> frame 104, loop time = 0.199s, input FPS = 23.976, output FPS = 5.018
2020-08-27 16:08:35,979 [INFO]: cifcaf.py(__call__:119) >> 1 annotations: [14]
2020-08-27 16:08:35,992 [INFO]: video.py(inference:178) >> frame 105, loop time = 0.208s, input FPS = 23.976, output FPS = 4.818
2020-08-27 16:08:36,189 [INFO]: cifcaf.py(__call__:119) >> 2 annotations: [15, 2]
2020-08-27 16:08:36,203 [INFO]: video.py(inference:178) >> frame 106, loop time = 0.210s, input FPS = 23.976, output FPS = 4.756
2020-08-27 16:08:36,414 [INFO]: cifcaf.py(__call__:119) >> 1 annotations: [14]
2020-08-27 16:08:36,423 [INFO]: video.py(inference:178) >> frame 107, loop time = 0.220s, input FPS = 23.976, output FPS = 4.541
2020-08-27 16:08:36,618 [INFO]: cifcaf.py(__call__:119) >> 1 annotations: [14]
2020-08-27 16:08:36,626 [INFO]: video.py(inference:178) >> frame 108, loop time = 0.203s, input FPS = 23.976, output FPS = 4.928
2020-08-27 16:08:36,813 [INFO]: cifcaf.py(__call__:119) >> 2 annotations: [13, 2]
2020-08-27 16:08:36,825 [INFO]: video.py(inference:178) >> frame 109, loop time = 0.199s, input FPS = 23.976, output FPS = 5.019
2020-08-27 16:08:37,024 [INFO]: cifcaf.py(__call__:119) >> 2 annotations: [12, 2]
2020-08-27 16:08:37,036 [INFO]: video.py(inference:178) >> frame 110, loop time = 0.210s, input FPS = 23.976, output FPS = 4.758
2 annotations: [13, 2]
